# JRE version: Java(TM) SE Runtime Environment (25.0.1+8) (build 25.0.1+8-LTS-27)
# Java VM: Java HotSpot(TM) 64-Bit Server VM (25.0.1+8-LTS-27, mixed mode, sharing, tiered, compressed oops, compressed class ptrs, g1 gc, windows-amd64)
GC Precious Log:
 CardTable entry size: 512
 Card Set container configuration: InlinePtr #cards 4 size 8 Array Of Cards #cards 16 size 48 Howl #buckets 8 coarsen threshold 3686 Howl Bitmap #cards 512 size 80 coarsen threshold 460 Card regions per heap region 1 cards per card region 4096
 CPUs: 16 total, 16 available
 Memory: 15676M
 Large Page Support: Disabled
 NUMA Support: Disabled
 Compressed Oops: Enabled (Zero based)
 Heap Region Size: 2M
 Heap Min Capacity: 8M
 Heap Initial Capacity: 246M
 Heap Max Capacity: 3920M
 Pre-touch: Disabled
 Parallel Workers: 13
 Concurrent Workers: 3
 Concurrent Refinement Workers: 13
 Periodic GC: Disabled
Heap:
 garbage-first heap   total reserved 4014080K, committed 276480K, used 156375K [0x000000070b000000, 0x0000000800000000)
  region size 2048K, 9 young (18432K), 5 survivors (10240K)
GC Heap Usage History (14 events):
Event: 1.000 {heap Before GC invocations=0 (full 0):
 garbage-first heap   total reserved 4014080K, committed 253952K, used 48277K [0x000000070b000000, 0x0000000800000000)
  region size 2048K, 24 young (49152K), 0 survivors (0K)
}
Event: 1.004 {heap After GC invocations=1 (full 0):
 garbage-first heap   total reserved 4014080K, committed 253952K, used 7317K [0x000000070b000000, 0x0000000800000000)
  region size 2048K, 3 young (6144K), 3 survivors (6144K)
}
Event: 1.403 {heap Before GC invocations=1 (full 0):
 garbage-first heap   total reserved 4014080K, committed 253952K, used 40085K [0x000000070b000000, 0x0000000800000000)
  region size 2048K, 21 young (43008K), 3 survivors (6144K)
}
Event: 1.408 {heap After GC invocations=2 (full 0):
 garbage-first heap   total reserved 4014080K, committed 253952K, used 13758K [0x000000070b000000, 0x0000000800000000)
  region size 2048K, 7 young (14336K), 7 survivors (14336K)
}
Event: 4.319 {heap Before GC invocations=3 (full 0):
 garbage-first heap   total reserved 4014080K, committed 55296K, used 50622K [0x000000070b000000, 0x0000000800000000)
  region size 2048K, 25 young (51200K), 7 survivors (14336K)
}
Event: 4.326 {heap After GC invocations=4 (full 0):
 garbage-first heap   total reserved 4014080K, committed 71680K, used 17868K [0x000000070b000000, 0x0000000800000000)
  region size 2048K, 5 young (10240K), 5 survivors (10240K)
}
Event: 4.606 {heap Before GC invocations=4 (full 0):
 garbage-first heap   total reserved 4014080K, committed 157696K, used 153036K [0x000000070b000000, 0x0000000800000000)
  region size 2048K, 17 young (34816K), 5 survivors (10240K)
}
Event: 4.613 {heap After GC invocations=5 (full 0):
 garbage-first heap   total reserved 4014080K, committed 172032K, used 130692K [0x000000070b000000, 0x0000000800000000)
  region size 2048K, 3 young (6144K), 3 survivors (6144K)
}
Event: 4.621 {heap Before GC invocations=5 (full 0):
 garbage-first heap   total reserved 4014080K, committed 172032K, used 130692K [0x000000070b000000, 0x0000000800000000)
  region size 2048K, 4 young (8192K), 3 survivors (6144K)
}
Event: 4.623 {heap After GC invocations=6 (full 0):
 garbage-first heap   total reserved 4014080K, committed 172032K, used 130659K [0x000000070b000000, 0x0000000800000000)
  region size 2048K, 2 young (4096K), 2 survivors (4096K)
}
Event: 4.638 {heap Before GC invocations=7 (full 0):
 garbage-first heap   total reserved 4014080K, committed 233472K, used 136803K [0x000000070b000000, 0x0000000800000000)
  region size 2048K, 3 young (6144K), 2 survivors (4096K)
}
Event: 4.640 {heap After GC invocations=8 (full 0):
 garbage-first heap   total reserved 4014080K, committed 233472K, used 136450K [0x000000070b000000, 0x0000000800000000)
  region size 2048K, 1 young (2048K), 1 survivors (2048K)
}
Event: 5.272 {heap Before GC invocations=9 (full 0):
 garbage-first heap   total reserved 4014080K, committed 276480K, used 232706K [0x000000070b000000, 0x0000000800000000)
  region size 2048K, 35 young (71680K), 1 survivors (2048K)
}
Event: 5.279 {heap After GC invocations=10 (full 0):
 garbage-first heap   total reserved 4014080K, committed 276480K, used 150231K [0x000000070b000000, 0x0000000800000000)
  region size 2048K, 5 young (10240K), 5 survivors (10240K)
}

